<?xml version="1.0" encoding="UTF-8"?>
<!-- Generated by org.testng.reporters.JUnitReportReporter -->
<testsuite skipped="0" hostname="LAPTOP-OPR2IDQJ" name="test.TESTaddnewcomputerPage" tests="1" failures="0" timestamp="21 Feb 2021 11:16:52 GMT" time="4.139" errors="0">
  <testcase name="Addcomputerhomepage" time="4.139" classname="test.TESTaddnewcomputerPage"/>
</testsuite> <!-- test.TESTaddnewcomputerPage -->
