<?xml version="1.0" encoding="UTF-8"?>
<!-- Generated by org.testng.reporters.JUnitReportReporter -->
<testsuite skipped="0" hostname="LAPTOP-OPR2IDQJ" name="test.TESThomepage" tests="1" failures="0" timestamp="21 Feb 2021 11:16:52 GMT" time="4.741" errors="0">
  <testcase name="homepage" time="4.741" classname="test.TESThomepage"/>
</testsuite> <!-- test.TESThomepage -->
